<?xml version="1.0" encoding="UTF-8"?>
<testng-results ignored="0" total="4" passed="4" failed="0" skipped="0">
  <reporter-output>
  </reporter-output>
  <suite started-at="2025-02-04T23:57:44 IST" name="Surefire suite" finished-at="2025-02-04T23:58:17 IST" duration-ms="32697">
    <groups>
      <group name="cucumber">
        <method signature="AbstractTestNGCucumberTests.runScenario(io.cucumber.testng.PickleWrapper,io.cucumber.testng.FeatureWrapper)[pri:0, instance:TestRunner.TestRunnerLogin@795cd85e]" name="runScenario" class="io.cucumber.testng.AbstractTestNGCucumberTests"/>
      </group> <!-- cucumber -->
    </groups>
    <test started-at="2025-02-04T23:57:44 IST" name="Surefire test" finished-at="2025-02-04T23:58:17 IST" duration-ms="32697">
      <class name="TestRunner.TestRunnerLogin">
        <test-method is-config="true" signature="setUpClass(org.testng.ITestContext)[pri:0, instance:TestRunner.TestRunnerLogin@795cd85e]" started-at="2025-02-04T23:57:44 IST" name="setUpClass" finished-at="2025-02-04T23:57:45 IST" duration-ms="857" status="PASS">
          <params>
            <param index="0">
              <value>
                <![CDATA[org.testng.TestRunner@760245e1]]>
              </value>
            </param>
          </params>
          <reporter-output>
          </reporter-output>
        </test-method> <!-- setUpClass -->
        <test-method signature="runScenario(io.cucumber.testng.PickleWrapper,io.cucumber.testng.FeatureWrapper)[pri:0, instance:TestRunner.TestRunnerLogin@795cd85e]" started-at="2025-02-04T23:57:45 IST" name="runScenario" description="Runs Cucumber Scenarios" data-provider="scenarios" finished-at="2025-02-04T23:57:54 IST" duration-ms="8500" status="PASS">
          <params>
            <param index="0">
              <value>
                <![CDATA["Login is successful with Standard credentials."]]>
              </value>
            </param>
            <param index="1">
              <value>
                <![CDATA["Automating login page for Sauce Demo."]]>
              </value>
            </param>
          </params>
          <reporter-output>
          </reporter-output>
        </test-method> <!-- runScenario -->
        <test-method signature="runScenario(io.cucumber.testng.PickleWrapper,io.cucumber.testng.FeatureWrapper)[pri:0, instance:TestRunner.TestRunnerLogin@795cd85e]" started-at="2025-02-04T23:57:54 IST" name="runScenario" description="Runs Cucumber Scenarios" data-provider="scenarios" finished-at="2025-02-04T23:58:00 IST" duration-ms="6161" status="PASS">
          <params>
            <param index="0">
              <value>
                <![CDATA["Login is successful with Problem credentials."]]>
              </value>
            </param>
            <param index="1">
              <value>
                <![CDATA["Automating login page for Sauce Demo."]]>
              </value>
            </param>
          </params>
          <reporter-output>
          </reporter-output>
        </test-method> <!-- runScenario -->
        <test-method signature="runScenario(io.cucumber.testng.PickleWrapper,io.cucumber.testng.FeatureWrapper)[pri:0, instance:TestRunner.TestRunnerLogin@795cd85e]" started-at="2025-02-04T23:58:00 IST" name="runScenario" description="Runs Cucumber Scenarios" data-provider="scenarios" finished-at="2025-02-04T23:58:11 IST" duration-ms="11261" status="PASS">
          <params>
            <param index="0">
              <value>
                <![CDATA["Login is successful with Performance credentials."]]>
              </value>
            </param>
            <param index="1">
              <value>
                <![CDATA["Automating login page for Sauce Demo."]]>
              </value>
            </param>
          </params>
          <reporter-output>
          </reporter-output>
        </test-method> <!-- runScenario -->
        <test-method signature="runScenario(io.cucumber.testng.PickleWrapper,io.cucumber.testng.FeatureWrapper)[pri:0, instance:TestRunner.TestRunnerLogin@795cd85e]" started-at="2025-02-04T23:58:11 IST" name="runScenario" description="Runs Cucumber Scenarios" data-provider="scenarios" finished-at="2025-02-04T23:58:17 IST" duration-ms="5812" status="PASS">
          <params>
            <param index="0">
              <value>
                <![CDATA["Login is successful with Locked credentials."]]>
              </value>
            </param>
            <param index="1">
              <value>
                <![CDATA["Automating login page for Sauce Demo - Error Scenario."]]>
              </value>
            </param>
          </params>
          <reporter-output>
          </reporter-output>
        </test-method> <!-- runScenario -->
        <test-method is-config="true" signature="tearDownClass()[pri:0, instance:TestRunner.TestRunnerLogin@795cd85e]" started-at="2025-02-04T23:58:17 IST" name="tearDownClass" finished-at="2025-02-04T23:58:17 IST" duration-ms="51" status="PASS">
          <reporter-output>
          </reporter-output>
        </test-method> <!-- tearDownClass -->
      </class> <!-- TestRunner.TestRunnerLogin -->
    </test> <!-- Surefire test -->
  </suite> <!-- Surefire suite -->
</testng-results>
