<?xml version="1.0" encoding="UTF-8"?>
<testng-results ignored="0" total="5" passed="5" failed="0" skipped="0">
  <reporter-output>
  </reporter-output>
  <suite started-at="2025-02-06T14:10:20 IST" name="Surefire suite" finished-at="2025-02-06T14:11:06 IST" duration-ms="46090">
    <groups>
      <group name="cucumber">
        <method signature="AbstractTestNGCucumberTests.runScenario(io.cucumber.testng.PickleWrapper,io.cucumber.testng.FeatureWrapper)[pri:0, instance:TestRunner.TestRunnerLogin@8dbdac1]" name="runScenario" class="io.cucumber.testng.AbstractTestNGCucumberTests"/>
      </group> <!-- cucumber -->
    </groups>
    <test started-at="2025-02-06T14:10:20 IST" name="Surefire test" finished-at="2025-02-06T14:11:06 IST" duration-ms="46090">
      <class name="TestRunner.TestRunnerLogin">
        <test-method is-config="true" signature="setUpClass(org.testng.ITestContext)[pri:0, instance:TestRunner.TestRunnerLogin@8dbdac1]" started-at="2025-02-06T14:10:20 IST" name="setUpClass" finished-at="2025-02-06T14:10:20 IST" duration-ms="570" status="PASS">
          <params>
            <param index="0">
              <value>
                <![CDATA[org.testng.TestRunner@227a47]]>
              </value>
            </param>
          </params>
          <reporter-output>
          </reporter-output>
        </test-method> <!-- setUpClass -->
        <test-method signature="runScenario(io.cucumber.testng.PickleWrapper,io.cucumber.testng.FeatureWrapper)[pri:0, instance:TestRunner.TestRunnerLogin@8dbdac1]" started-at="2025-02-06T14:10:20 IST" name="runScenario" description="Runs Cucumber Scenarios" data-provider="scenarios" finished-at="2025-02-06T14:10:29 IST" duration-ms="8332" status="PASS">
          <params>
            <param index="0">
              <value>
                <![CDATA["Login is successful with Standard credentials."]]>
              </value>
            </param>
            <param index="1">
              <value>
                <![CDATA["Automating login page for Sauce Demo."]]>
              </value>
            </param>
          </params>
          <reporter-output>
          </reporter-output>
        </test-method> <!-- runScenario -->
        <test-method signature="runScenario(io.cucumber.testng.PickleWrapper,io.cucumber.testng.FeatureWrapper)[pri:0, instance:TestRunner.TestRunnerLogin@8dbdac1]" started-at="2025-02-06T14:10:29 IST" name="runScenario" description="Runs Cucumber Scenarios" data-provider="scenarios" finished-at="2025-02-06T14:10:36 IST" duration-ms="7692" status="PASS">
          <params>
            <param index="0">
              <value>
                <![CDATA["Login is successful with Problem credentials."]]>
              </value>
            </param>
            <param index="1">
              <value>
                <![CDATA["Automating login page for Sauce Demo."]]>
              </value>
            </param>
          </params>
          <reporter-output>
          </reporter-output>
        </test-method> <!-- runScenario -->
        <test-method signature="runScenario(io.cucumber.testng.PickleWrapper,io.cucumber.testng.FeatureWrapper)[pri:0, instance:TestRunner.TestRunnerLogin@8dbdac1]" started-at="2025-02-06T14:10:36 IST" name="runScenario" description="Runs Cucumber Scenarios" data-provider="scenarios" finished-at="2025-02-06T14:10:50 IST" duration-ms="13414" status="PASS">
          <params>
            <param index="0">
              <value>
                <![CDATA["Login is successful with Performance credentials."]]>
              </value>
            </param>
            <param index="1">
              <value>
                <![CDATA["Automating login page for Sauce Demo."]]>
              </value>
            </param>
          </params>
          <reporter-output>
          </reporter-output>
        </test-method> <!-- runScenario -->
        <test-method signature="runScenario(io.cucumber.testng.PickleWrapper,io.cucumber.testng.FeatureWrapper)[pri:0, instance:TestRunner.TestRunnerLogin@8dbdac1]" started-at="2025-02-06T14:10:50 IST" name="runScenario" description="Runs Cucumber Scenarios" data-provider="scenarios" finished-at="2025-02-06T14:10:57 IST" duration-ms="7649" status="PASS">
          <params>
            <param index="0">
              <value>
                <![CDATA["Login is successful with Locked credentials."]]>
              </value>
            </param>
            <param index="1">
              <value>
                <![CDATA["Automating login page for Sauce Demo - Error Scenario."]]>
              </value>
            </param>
          </params>
          <reporter-output>
          </reporter-output>
        </test-method> <!-- runScenario -->
        <test-method signature="runScenario(io.cucumber.testng.PickleWrapper,io.cucumber.testng.FeatureWrapper)[pri:0, instance:TestRunner.TestRunnerLogin@8dbdac1]" started-at="2025-02-06T14:10:57 IST" name="runScenario" description="Runs Cucumber Scenarios" data-provider="scenarios" finished-at="2025-02-06T14:11:06 IST" duration-ms="8364" status="PASS">
          <params>
            <param index="0">
              <value>
                <![CDATA["Open Menu from home page."]]>
              </value>
            </param>
            <param index="1">
              <value>
                <![CDATA["Open Menu and click on All Items"]]>
              </value>
            </param>
          </params>
          <reporter-output>
          </reporter-output>
        </test-method> <!-- runScenario -->
        <test-method is-config="true" signature="tearDownClass()[pri:0, instance:TestRunner.TestRunnerLogin@8dbdac1]" started-at="2025-02-06T14:11:06 IST" name="tearDownClass" finished-at="2025-02-06T14:11:06 IST" duration-ms="24" status="PASS">
          <reporter-output>
          </reporter-output>
        </test-method> <!-- tearDownClass -->
      </class> <!-- TestRunner.TestRunnerLogin -->
    </test> <!-- Surefire test -->
  </suite> <!-- Surefire suite -->
</testng-results>
