<?xml version="1.0" encoding="UTF-8"?>
<testsuite xmlns:xsi="http://www.w3.org/2001/XMLSchema-instance" xsi:noNamespaceSchemaLocation="https://maven.apache.org/surefire/maven-surefire-plugin/xsd/surefire-test-report.xsd" version="3.0.2" name="TestSuite" time="33.61" tests="4" errors="0" skipped="0" failures="0">
  <properties>
[...]
</properties>
  <testcase name="runScenario[&quot;Login is successful with Standard credentials.&quot;, &quot;Automating login page for Sauce Demo.&quot;](1)" classname="TestRunner.TestRunnerLogin" time="8.493">
    <system-out><![CDATA[
@regression
Scenario Outline: Login is successful with Standard credentials. &amp#27;[90m# src/test/resources/Features/login.feature:15&amp#27;[0m
  &amp#27;[32mGiven &amp#27;[0m&amp#27;[32muser is on login page.&amp#27;[0m                                   &amp#27;[90m# StepDefinations.LoginStepsDefinations.user_is_on_login_page()&amp#27;[0m
  &amp#27;[32mWhen &amp#27;[0m&amp#27;[32muser enters valid &amp#27;[0m&amp#27;[32m&amp#27;[1m"standard_user"&amp#27;[0m&amp#27;[32m and &amp#27;[0m&amp#27;[32m&amp#27;[1m"secret_sauce"&amp#27;[0m&amp#27;[32m.&amp#27;[0m     &amp#27;[90m# StepDefinations.LoginStepsDefinations.user_enters_valid_and(java.lang.String,java.lang.String)&amp#27;[0m
  &amp#27;[32mAnd &amp#27;[0m&amp#27;[32muser clicks on login button.&amp#27;[0m                               &amp#27;[90m# StepDefinations.LoginStepsDefinations.user_clicks_on_login_button()&amp#27;[0m
  &amp#27;[32mThen &amp#27;[0m&amp#27;[32muser is navigated to home page.&amp#27;[0m                           &amp#27;[90m# StepDefinations.LoginStepsDefinations.user_is_navigated_to_home_page()&amp#27;[0m
  &amp#27;[32mAnd &amp#27;[0m&amp#27;[32mclose the browser.&amp#27;[0m                                         &amp#27;[90m# StepDefinations.LoginStepsDefinations.close_the_browser()&amp#27;[0m
]]></system-out>
    <system-err><![CDATA[SLF4J: Failed to load class "org.slf4j.impl.StaticLoggerBinder".
SLF4J: Defaulting to no-operation (NOP) logger implementation
SLF4J: See http://www.slf4j.org/codes.html#StaticLoggerBinder for further details.
Feb 04, 2025 11:57:49 PM org.openqa.selenium.devtools.CdpVersionFinder findNearestMatch
WARNING: Unable to find an exact match for CDP version 132, returning the closest version; found: 131; Please update to a Selenium version that supports CDP version 132
]]></system-err>
  </testcase>
  <testcase name="runScenario[&quot;Login is successful with Problem credentials.&quot;, &quot;Automating login page for Sauce Demo.&quot;](2)" classname="TestRunner.TestRunnerLogin" time="6.153">
    <system-out><![CDATA[
@regression @smoke
Scenario Outline: Login is successful with Problem credentials. &amp#27;[90m# src/test/resources/Features/login.feature:26&amp#27;[0m
  &amp#27;[32mGiven &amp#27;[0m&amp#27;[32muser is on login page.&amp#27;[0m                                  &amp#27;[90m# StepDefinations.LoginStepsDefinations.user_is_on_login_page()&amp#27;[0m
  &amp#27;[32mWhen &amp#27;[0m&amp#27;[32muser enters valid &amp#27;[0m&amp#27;[32m&amp#27;[1m"problem_user"&amp#27;[0m&amp#27;[32m and &amp#27;[0m&amp#27;[32m&amp#27;[1m"secret_sauce"&amp#27;[0m&amp#27;[32m.&amp#27;[0m     &amp#27;[90m# StepDefinations.LoginStepsDefinations.user_enters_valid_and(java.lang.String,java.lang.String)&amp#27;[0m
  &amp#27;[32mAnd &amp#27;[0m&amp#27;[32muser clicks on login button.&amp#27;[0m                              &amp#27;[90m# StepDefinations.LoginStepsDefinations.user_clicks_on_login_button()&amp#27;[0m
  &amp#27;[32mThen &amp#27;[0m&amp#27;[32muser is navigated to home page.&amp#27;[0m                          &amp#27;[90m# StepDefinations.LoginStepsDefinations.user_is_navigated_to_home_page()&amp#27;[0m
  &amp#27;[32mAnd &amp#27;[0m&amp#27;[32mclose the browser.&amp#27;[0m                                        &amp#27;[90m# StepDefinations.LoginStepsDefinations.close_the_browser()&amp#27;[0m
]]></system-out>
    <system-err><![CDATA[Feb 04, 2025 11:57:55 PM org.openqa.selenium.devtools.CdpVersionFinder findNearestMatch
WARNING: Unable to find an exact match for CDP version 132, returning the closest version; found: 131; Please update to a Selenium version that supports CDP version 132
]]></system-err>
  </testcase>
  <testcase name="runScenario[&quot;Login is successful with Performance credentials.&quot;, &quot;Automating login page for Sauce Demo.&quot;](3)" classname="TestRunner.TestRunnerLogin" time="11.26">
    <system-out><![CDATA[
@sanity @progression
Scenario Outline: Login is successful with Performance credentials.    &amp#27;[90m# src/test/resources/Features/login.feature:37&amp#27;[0m
  &amp#27;[32mGiven &amp#27;[0m&amp#27;[32muser is on login page.&amp#27;[0m                                         &amp#27;[90m# StepDefinations.LoginStepsDefinations.user_is_on_login_page()&amp#27;[0m
  &amp#27;[32mWhen &amp#27;[0m&amp#27;[32muser enters valid &amp#27;[0m&amp#27;[32m&amp#27;[1m"performance_glitch_user"&amp#27;[0m&amp#27;[32m and &amp#27;[0m&amp#27;[32m&amp#27;[1m"secret_sauce"&amp#27;[0m&amp#27;[32m.&amp#27;[0m &amp#27;[90m# StepDefinations.LoginStepsDefinations.user_enters_valid_and(java.lang.String,java.lang.String)&amp#27;[0m
  &amp#27;[32mAnd &amp#27;[0m&amp#27;[32muser clicks on login button.&amp#27;[0m                                     &amp#27;[90m# StepDefinations.LoginStepsDefinations.user_clicks_on_login_button()&amp#27;[0m
  &amp#27;[32mThen &amp#27;[0m&amp#27;[32muser is navigated to home page.&amp#27;[0m                                 &amp#27;[90m# StepDefinations.LoginStepsDefinations.user_is_navigated_to_home_page()&amp#27;[0m
  &amp#27;[32mAnd &amp#27;[0m&amp#27;[32mclose the browser.&amp#27;[0m                                               &amp#27;[90m# StepDefinations.LoginStepsDefinations.close_the_browser()&amp#27;[0m
]]></system-out>
    <system-err><![CDATA[Feb 04, 2025 11:58:01 PM org.openqa.selenium.devtools.CdpVersionFinder findNearestMatch
WARNING: Unable to find an exact match for CDP version 132, returning the closest version; found: 131; Please update to a Selenium version that supports CDP version 132
]]></system-err>
  </testcase>
  <testcase name="runScenario[&quot;Login is successful with Locked credentials.&quot;, &quot;Automating login page for Sauce Demo - Error Scenario.&quot;](4)" classname="TestRunner.TestRunnerLogin" time="5.818">
    <system-out><![CDATA[
@progression @smoke
Scenario Outline: Login is successful with Locked credentials. &amp#27;[90m# src/test/resources/Features/loginError.feature:14&amp#27;[0m
  &amp#27;[32mGiven &amp#27;[0m&amp#27;[32muser is on login page.&amp#27;[0m                                 &amp#27;[90m# StepDefinations.LoginStepsDefinations.user_is_on_login_page()&amp#27;[0m
  &amp#27;[32mWhen &amp#27;[0m&amp#27;[32muser enters valid &amp#27;[0m&amp#27;[32m&amp#27;[1m"locked_out_user"&amp#27;[0m&amp#27;[32m and &amp#27;[0m&amp#27;[32m&amp#27;[1m"secret_sauce"&amp#27;[0m&amp#27;[32m.&amp#27;[0m &amp#27;[90m# StepDefinations.LoginStepsDefinations.user_enters_valid_and(java.lang.String,java.lang.String)&amp#27;[0m
  &amp#27;[32mAnd &amp#27;[0m&amp#27;[32muser clicks on login button.&amp#27;[0m                             &amp#27;[90m# StepDefinations.LoginStepsDefinations.user_clicks_on_login_button()&amp#27;[0m
Error while logging in.
  &amp#27;[32mThen &amp#27;[0m&amp#27;[32muser is not navigated to home page.&amp#27;[0m                     &amp#27;[90m# StepDefinations.LoginStepsDefinations.user_is_not_navigated_to_home_page()&amp#27;[0m
  &amp#27;[32mAnd &amp#27;[0m&amp#27;[32muser gets error.&amp#27;[0m                                         &amp#27;[90m# StepDefinations.LoginStepsDefinations.user_gets_error()&amp#27;[0m
  &amp#27;[32mAnd &amp#27;[0m&amp#27;[32mclose the browser.&amp#27;[0m                                       &amp#27;[90m# StepDefinations.LoginStepsDefinations.close_the_browser()&amp#27;[0m
]]></system-out>
    <system-err><![CDATA[Feb 04, 2025 11:58:13 PM org.openqa.selenium.devtools.CdpVersionFinder findNearestMatch
WARNING: Unable to find an exact match for CDP version 132, returning the closest version; found: 131; Please update to a Selenium version that supports CDP version 132
]]></system-err>
  </testcase>
</testsuite>