<?xml version="1.0" encoding="UTF-8"?>
<testng-results ignored="0" total="1" passed="1" failed="0" skipped="0">
  <reporter-output>
  </reporter-output>
  <suite started-at="2025-02-06T14:09:18 IST" name="Default suite" finished-at="2025-02-06T14:09:28 IST" duration-ms="9603">
    <groups>
      <group name="cucumber">
        <method signature="AbstractTestNGCucumberTests.runScenario(io.cucumber.testng.PickleWrapper,io.cucumber.testng.FeatureWrapper)[pri:0, instance:TestRunner.TestRunnerLogin@687e99d8]" name="runScenario" class="io.cucumber.testng.AbstractTestNGCucumberTests"/>
      </group> <!-- cucumber -->
    </groups>
    <test started-at="2025-02-06T14:09:18 IST" name="Default test" finished-at="2025-02-06T14:09:28 IST" duration-ms="9603">
      <class name="TestRunner.TestRunnerLogin">
        <test-method is-config="true" signature="setUpClass(org.testng.ITestContext)[pri:0, instance:TestRunner.TestRunnerLogin@687e99d8]" started-at="2025-02-06T14:09:18 IST" name="setUpClass" finished-at="2025-02-06T14:09:19 IST" duration-ms="617" status="PASS">
          <params>
            <param index="0">
              <value>
                <![CDATA[org.testng.TestRunner@27a97e08]]>
              </value>
            </param>
          </params>
          <reporter-output>
          </reporter-output>
        </test-method> <!-- setUpClass -->
        <test-method signature="runScenario(io.cucumber.testng.PickleWrapper,io.cucumber.testng.FeatureWrapper)[pri:0, instance:TestRunner.TestRunnerLogin@687e99d8]" started-at="2025-02-06T14:09:19 IST" name="runScenario" description="Runs Cucumber Scenarios" data-provider="scenarios" finished-at="2025-02-06T14:09:28 IST" duration-ms="8903" status="PASS">
          <params>
            <param index="0">
              <value>
                <![CDATA["Open Menu from home page."]]>
              </value>
            </param>
            <param index="1">
              <value>
                <![CDATA["Open Menu and click on All Items"]]>
              </value>
            </param>
          </params>
          <reporter-output>
          </reporter-output>
        </test-method> <!-- runScenario -->
        <test-method is-config="true" signature="tearDownClass()[pri:0, instance:TestRunner.TestRunnerLogin@687e99d8]" started-at="2025-02-06T14:09:28 IST" name="tearDownClass" finished-at="2025-02-06T14:09:28 IST" duration-ms="31" status="PASS">
          <reporter-output>
          </reporter-output>
        </test-method> <!-- tearDownClass -->
      </class> <!-- TestRunner.TestRunnerLogin -->
    </test> <!-- Default test -->
  </suite> <!-- Default suite -->
</testng-results>
